<?xml version="1.0" encoding="UTF-8"?>
<!-- Generated by org.testng.reporters.JUnitReportReporter -->
<testsuite hostname="HP" failures="0" tests="1" name="scripts.TestCase1" time="30.294" errors="0" timestamp="2023-02-14T09:25:01 IST" skipped="0">
  <testcase classname="scripts.TestCase1" name="testA" time="30.294"/>
  <system-out>
    <![CDATA[Google
XL:Bhanu]]>
  </system-out>
</testsuite> <!-- scripts.TestCase1 -->
